Determining if the pthread_create exist failed with the following output:
Change Dir: /mnt/c/Users/basti/OneDrive/ISIMA/ZZ3/C++/Cpp_ISIMA3/1/build/CMakeFiles/CMakeTmp

Run Build Command:"/usr/bin/make" "cmTC_cec56/fast"
/usr/bin/make -f CMakeFiles/cmTC_cec56.dir/build.make CMakeFiles/cmTC_cec56.dir/build
make[1]: Entering directory '/mnt/c/Users/basti/OneDrive/ISIMA/ZZ3/C++/Cpp_ISIMA3/1/build/CMakeFiles/CMakeTmp'
Building C object CMakeFiles/cmTC_cec56.dir/CheckSymbolExists.c.o
/usr/bin/cc    -o CMakeFiles/cmTC_cec56.dir/CheckSymbolExists.c.o   -c /mnt/c/Users/basti/OneDrive/ISIMA/ZZ3/C++/Cpp_ISIMA3/1/build/CMakeFiles/CMakeTmp/CheckSymbolExists.c
Linking C executable cmTC_cec56
/usr/bin/cmake -E cmake_link_script CMakeFiles/cmTC_cec56.dir/link.txt --verbose=1
/usr/bin/cc      -rdynamic CMakeFiles/cmTC_cec56.dir/CheckSymbolExists.c.o  -o cmTC_cec56 
CMakeFiles/cmTC_cec56.dir/CheckSymbolExists.c.o: In function `main':
CheckSymbolExists.c:(.text+0x1b): undefined reference to `pthread_create'
collect2: error: ld returned 1 exit status
CMakeFiles/cmTC_cec56.dir/build.make:97: recipe for target 'cmTC_cec56' failed
make[1]: *** [cmTC_cec56] Error 1
make[1]: Leaving directory '/mnt/c/Users/basti/OneDrive/ISIMA/ZZ3/C++/Cpp_ISIMA3/1/build/CMakeFiles/CMakeTmp'
Makefile:126: recipe for target 'cmTC_cec56/fast' failed
make: *** [cmTC_cec56/fast] Error 2

File /mnt/c/Users/basti/OneDrive/ISIMA/ZZ3/C++/Cpp_ISIMA3/1/build/CMakeFiles/CMakeTmp/CheckSymbolExists.c:
/* */
#include <pthread.h>

int main(int argc, char** argv)
{
  (void)argv;
#ifndef pthread_create
  return ((int*)(&pthread_create))[argc];
#else
  (void)argc;
  return 0;
#endif
}

Determining if the function pthread_create exists in the pthreads failed with the following output:
Change Dir: /mnt/c/Users/basti/OneDrive/ISIMA/ZZ3/C++/Cpp_ISIMA3/1/build/CMakeFiles/CMakeTmp

Run Build Command:"/usr/bin/make" "cmTC_fe286/fast"
/usr/bin/make -f CMakeFiles/cmTC_fe286.dir/build.make CMakeFiles/cmTC_fe286.dir/build
make[1]: Entering directory '/mnt/c/Users/basti/OneDrive/ISIMA/ZZ3/C++/Cpp_ISIMA3/1/build/CMakeFiles/CMakeTmp'
Building C object CMakeFiles/cmTC_fe286.dir/CheckFunctionExists.c.o
/usr/bin/cc   -DCHECK_FUNCTION_EXISTS=pthread_create   -o CMakeFiles/cmTC_fe286.dir/CheckFunctionExists.c.o   -c /usr/share/cmake-3.10/Modules/CheckFunctionExists.c
Linking C executable cmTC_fe286
/usr/bin/cmake -E cmake_link_script CMakeFiles/cmTC_fe286.dir/link.txt --verbose=1
/usr/bin/cc  -DCHECK_FUNCTION_EXISTS=pthread_create    -rdynamic CMakeFiles/cmTC_fe286.dir/CheckFunctionExists.c.o  -o cmTC_fe286 -lpthreads 
/usr/bin/ld: cannot find -lpthreads
collect2: error: ld returned 1 exit status
CMakeFiles/cmTC_fe286.dir/build.make:97: recipe for target 'cmTC_fe286' failed
make[1]: *** [cmTC_fe286] Error 1
make[1]: Leaving directory '/mnt/c/Users/basti/OneDrive/ISIMA/ZZ3/C++/Cpp_ISIMA3/1/build/CMakeFiles/CMakeTmp'
Makefile:126: recipe for target 'cmTC_fe286/fast' failed
make: *** [cmTC_fe286/fast] Error 2


